{
  error: Error: Cannot find module './routes/interventionRoutes'
  Require stack:
  - C:\note-sharing-platform\nasa-healthy-cities\server\server.js
      at Function._resolveFilename (node:internal/modules/cjs/loader:1401:15)
      at defaultResolveImpl (node:internal/modules/cjs/loader:1057:19)
      at resolveForCJSWithHooks (node:internal/modules/cjs/loader:1062:22)
      at Function._load (node:internal/modules/cjs/loader:1211:37)
      at TracingChannel.traceSync (node:diagnostics_channel:322:14)
      at wrapModuleLoad (node:internal/modules/cjs/loader:235:24)
      at Module.require (node:internal/modules/cjs/loader:1487:12)
      at require (node:internal/modules/helpers:135:16)
      at Object.<anonymous> (C:\note-sharing-platform\nasa-healthy-cities\server\server.js:16:28)
      at Module._compile (node:internal/modules/cjs/loader:1730:14) {
    code: 'MODULE_NOT_FOUND',
    requireStack: [
      'C:\\note-sharing-platform\\nasa-healthy-cities\\server\\server.js'
    ]
  },
  level: 'error',
  message: "uncaughtException: Cannot find module './routes/interventionRoutes'\n" +
    'Require stack:\n' +
    '- C:\\note-sharing-platform\\nasa-healthy-cities\\server\\server.js\n' +
    "Error: Cannot find module './routes/interventionRoutes'\n" +
    'Require stack:\n' +
    '- C:\\note-sharing-platform\\nasa-healthy-cities\\server\\server.js\n' +
    '    at Function._resolveFilename (node:internal/modules/cjs/loader:1401:15)\n' +
    '    at defaultResolveImpl (node:internal/modules/cjs/loader:1057:19)\n' +
    '    at resolveForCJSWithHooks (node:internal/modules/cjs/loader:1062:22)\n' +
    '    at Function._load (node:internal/modules/cjs/loader:1211:37)\n' +
    '    at TracingChannel.traceSync (node:diagnostics_channel:322:14)\n' +
    '    at wrapModuleLoad (node:internal/modules/cjs/loader:235:24)\n' +
    '    at Module.require (node:internal/modules/cjs/loader:1487:12)\n' +
    '    at require (node:internal/modules/helpers:135:16)\n' +
    '    at Object.<anonymous> (C:\\note-sharing-platform\\nasa-healthy-cities\\server\\server.js:16:28)\n' +
    '    at Module._compile (node:internal/modules/cjs/loader:1730:14)',
  stack: "Error: Cannot find module './routes/interventionRoutes'\n" +
    'Require stack:\n' +
    '- C:\\note-sharing-platform\\nasa-healthy-cities\\server\\server.js\n' +
    '    at Function._resolveFilename (node:internal/modules/cjs/loader:1401:15)\n' +
    '    at defaultResolveImpl (node:internal/modules/cjs/loader:1057:19)\n' +
    '    at resolveForCJSWithHooks (node:internal/modules/cjs/loader:1062:22)\n' +
    '    at Function._load (node:internal/modules/cjs/loader:1211:37)\n' +
    '    at TracingChannel.traceSync (node:diagnostics_channel:322:14)\n' +
    '    at wrapModuleLoad (node:internal/modules/cjs/loader:235:24)\n' +
    '    at Module.require (node:internal/modules/cjs/loader:1487:12)\n' +
    '    at require (node:internal/modules/helpers:135:16)\n' +
    '    at Object.<anonymous> (C:\\note-sharing-platform\\nasa-healthy-cities\\server\\server.js:16:28)\n' +
    '    at Module._compile (node:internal/modules/cjs/loader:1730:14)',
  exception: true,
  date: 'Thu Aug 14 2025 03:08:15 GMT+0600 (Bangladesh Standard Time)',
  process: {
    pid: 21804,
    uid: null,
    gid: null,
    cwd: 'C:\\note-sharing-platform\\nasa-healthy-cities\\server',
    execPath: 'E:\\NodeJS\\node.exe',
    version: 'v22.17.0',
    argv: [
      'E:\\NodeJS\\node.exe',
      'C:\\note-sharing-platform\\nasa-healthy-cities\\server\\server.js'
    ],
    memoryUsage: {
      rss: 57671680,
      heapTotal: 32305152,
      heapUsed: 17586888,
      external: 3308515,
      arrayBuffers: 67700
    }
  },
  os: { loadavg: [ 0, 0, 0 ], uptime: 556265.5 },
  trace: [
    {
      column: 15,
      file: 'node:internal/modules/cjs/loader',
      function: 'Function._resolveFilename',
      line: 1401,
      method: '_resolveFilename',
      native: false
    },
    {
      column: 19,
      file: 'node:internal/modules/cjs/loader',
      function: 'defaultResolveImpl',
      line: 1057,
      method: null,
      native: false
    },
    {
      column: 22,
      file: 'node:internal/modules/cjs/loader',
      function: 'resolveForCJSWithHooks',
      line: 1062,
      method: null,
      native: false
    },
    {
      column: 37,
      file: 'node:internal/modules/cjs/loader',
      function: 'Function._load',
      line: 1211,
      method: '_load',
      native: false
    },
    {
      column: 14,
      file: 'node:diagnostics_channel',
      function: 'TracingChannel.traceSync',
      line: 322,
      method: 'traceSync',
      native: false
    },
    {
      column: 24,
      file: 'node:internal/modules/cjs/loader',
      function: 'wrapModuleLoad',
      line: 235,
      method: null,
      native: false
    },
    {
      column: 12,
      file: 'node:internal/modules/cjs/loader',
      function: 'Module.require',
      line: 1487,
      method: 'require',
      native: false
    },
    {
      column: 16,
      file: 'node:internal/modules/helpers',
      function: 'require',
      line: 135,
      method: null,
      native: false
    },
    {
      column: 28,
      file: 'C:\\note-sharing-platform\\nasa-healthy-cities\\server\\server.js',
      function: null,
      line: 16,
      method: null,
      native: false
    },
    {
      column: 14,
      file: 'node:internal/modules/cjs/loader',
      function: 'Module._compile',
      line: 1730,
      method: '_compile',
      native: false
    }
  ],
  service: 'nasa-healthy-cities',
  version: '1.0.0',
  timestamp: '2025-08-14 03:08:15'
}
{
  error: Error: Cannot find module './routes/interventionRoutes'
  Require stack:
  - C:\note-sharing-platform\nasa-healthy-cities\server\server.js
      at Function._resolveFilename (node:internal/modules/cjs/loader:1401:15)
      at defaultResolveImpl (node:internal/modules/cjs/loader:1057:19)
      at resolveForCJSWithHooks (node:internal/modules/cjs/loader:1062:22)
      at Function._load (node:internal/modules/cjs/loader:1211:37)
      at TracingChannel.traceSync (node:diagnostics_channel:322:14)
      at wrapModuleLoad (node:internal/modules/cjs/loader:235:24)
      at Module.require (node:internal/modules/cjs/loader:1487:12)
      at require (node:internal/modules/helpers:135:16)
      at Object.<anonymous> (C:\note-sharing-platform\nasa-healthy-cities\server\server.js:16:28)
      at Module._compile (node:internal/modules/cjs/loader:1730:14) {
    code: 'MODULE_NOT_FOUND',
    requireStack: [
      'C:\\note-sharing-platform\\nasa-healthy-cities\\server\\server.js'
    ]
  },
  level: 'error',
  message: "uncaughtException: Cannot find module './routes/interventionRoutes'\n" +
    'Require stack:\n' +
    '- C:\\note-sharing-platform\\nasa-healthy-cities\\server\\server.js\n' +
    "Error: Cannot find module './routes/interventionRoutes'\n" +
    'Require stack:\n' +
    '- C:\\note-sharing-platform\\nasa-healthy-cities\\server\\server.js\n' +
    '    at Function._resolveFilename (node:internal/modules/cjs/loader:1401:15)\n' +
    '    at defaultResolveImpl (node:internal/modules/cjs/loader:1057:19)\n' +
    '    at resolveForCJSWithHooks (node:internal/modules/cjs/loader:1062:22)\n' +
    '    at Function._load (node:internal/modules/cjs/loader:1211:37)\n' +
    '    at TracingChannel.traceSync (node:diagnostics_channel:322:14)\n' +
    '    at wrapModuleLoad (node:internal/modules/cjs/loader:235:24)\n' +
    '    at Module.require (node:internal/modules/cjs/loader:1487:12)\n' +
    '    at require (node:internal/modules/helpers:135:16)\n' +
    '    at Object.<anonymous> (C:\\note-sharing-platform\\nasa-healthy-cities\\server\\server.js:16:28)\n' +
    '    at Module._compile (node:internal/modules/cjs/loader:1730:14)',
  stack: "Error: Cannot find module './routes/interventionRoutes'\n" +
    'Require stack:\n' +
    '- C:\\note-sharing-platform\\nasa-healthy-cities\\server\\server.js\n' +
    '    at Function._resolveFilename (node:internal/modules/cjs/loader:1401:15)\n' +
    '    at defaultResolveImpl (node:internal/modules/cjs/loader:1057:19)\n' +
    '    at resolveForCJSWithHooks (node:internal/modules/cjs/loader:1062:22)\n' +
    '    at Function._load (node:internal/modules/cjs/loader:1211:37)\n' +
    '    at TracingChannel.traceSync (node:diagnostics_channel:322:14)\n' +
    '    at wrapModuleLoad (node:internal/modules/cjs/loader:235:24)\n' +
    '    at Module.require (node:internal/modules/cjs/loader:1487:12)\n' +
    '    at require (node:internal/modules/helpers:135:16)\n' +
    '    at Object.<anonymous> (C:\\note-sharing-platform\\nasa-healthy-cities\\server\\server.js:16:28)\n' +
    '    at Module._compile (node:internal/modules/cjs/loader:1730:14)',
  exception: true,
  date: 'Thu Aug 14 2025 03:08:35 GMT+0600 (Bangladesh Standard Time)',
  process: {
    pid: 18132,
    uid: null,
    gid: null,
    cwd: 'C:\\note-sharing-platform\\nasa-healthy-cities\\server',
    execPath: 'E:\\NodeJS\\node.exe',
    version: 'v22.17.0',
    argv: [
      'E:\\NodeJS\\node.exe',
      'C:\\note-sharing-platform\\nasa-healthy-cities\\server\\server.js'
    ],
    memoryUsage: {
      rss: 58429440,
      heapTotal: 32043008,
      heapUsed: 17819512,
      external: 3431725,
      arrayBuffers: 67876
    }
  },
  os: { loadavg: [ 0, 0, 0 ], uptime: 556285.296 },
  trace: [
    {
      column: 15,
      file: 'node:internal/modules/cjs/loader',
      function: 'Function._resolveFilename',
      line: 1401,
      method: '_resolveFilename',
      native: false
    },
    {
      column: 19,
      file: 'node:internal/modules/cjs/loader',
      function: 'defaultResolveImpl',
      line: 1057,
      method: null,
      native: false
    },
    {
      column: 22,
      file: 'node:internal/modules/cjs/loader',
      function: 'resolveForCJSWithHooks',
      line: 1062,
      method: null,
      native: false
    },
    {
      column: 37,
      file: 'node:internal/modules/cjs/loader',
      function: 'Function._load',
      line: 1211,
      method: '_load',
      native: false
    },
    {
      column: 14,
      file: 'node:diagnostics_channel',
      function: 'TracingChannel.traceSync',
      line: 322,
      method: 'traceSync',
      native: false
    },
    {
      column: 24,
      file: 'node:internal/modules/cjs/loader',
      function: 'wrapModuleLoad',
      line: 235,
      method: null,
      native: false
    },
    {
      column: 12,
      file: 'node:internal/modules/cjs/loader',
      function: 'Module.require',
      line: 1487,
      method: 'require',
      native: false
    },
    {
      column: 16,
      file: 'node:internal/modules/helpers',
      function: 'require',
      line: 135,
      method: null,
      native: false
    },
    {
      column: 28,
      file: 'C:\\note-sharing-platform\\nasa-healthy-cities\\server\\server.js',
      function: null,
      line: 16,
      method: null,
      native: false
    },
    {
      column: 14,
      file: 'node:internal/modules/cjs/loader',
      function: 'Module._compile',
      line: 1730,
      method: '_compile',
      native: false
    }
  ],
  service: 'nasa-healthy-cities',
  version: '1.0.0',
  timestamp: '2025-08-14 03:08:35'
}
{
  error: Error: Cannot find module './routes/cityRoutes'
  Require stack:
  - C:\note-sharing-platform\nasa-healthy-cities\server\server.js
      at Function._resolveFilename (node:internal/modules/cjs/loader:1401:15)
      at defaultResolveImpl (node:internal/modules/cjs/loader:1057:19)
      at resolveForCJSWithHooks (node:internal/modules/cjs/loader:1062:22)
      at Function._load (node:internal/modules/cjs/loader:1211:37)
      at TracingChannel.traceSync (node:diagnostics_channel:322:14)
      at wrapModuleLoad (node:internal/modules/cjs/loader:235:24)
      at Module.require (node:internal/modules/cjs/loader:1487:12)
      at require (node:internal/modules/helpers:135:16)
      at Object.<anonymous> (C:\note-sharing-platform\nasa-healthy-cities\server\server.js:17:20)
      at Module._compile (node:internal/modules/cjs/loader:1730:14) {
    code: 'MODULE_NOT_FOUND',
    requireStack: [
      'C:\\note-sharing-platform\\nasa-healthy-cities\\server\\server.js'
    ]
  },
  level: 'error',
  message: "uncaughtException: Cannot find module './routes/cityRoutes'\n" +
    'Require stack:\n' +
    '- C:\\note-sharing-platform\\nasa-healthy-cities\\server\\server.js\n' +
    "Error: Cannot find module './routes/cityRoutes'\n" +
    'Require stack:\n' +
    '- C:\\note-sharing-platform\\nasa-healthy-cities\\server\\server.js\n' +
    '    at Function._resolveFilename (node:internal/modules/cjs/loader:1401:15)\n' +
    '    at defaultResolveImpl (node:internal/modules/cjs/loader:1057:19)\n' +
    '    at resolveForCJSWithHooks (node:internal/modules/cjs/loader:1062:22)\n' +
    '    at Function._load (node:internal/modules/cjs/loader:1211:37)\n' +
    '    at TracingChannel.traceSync (node:diagnostics_channel:322:14)\n' +
    '    at wrapModuleLoad (node:internal/modules/cjs/loader:235:24)\n' +
    '    at Module.require (node:internal/modules/cjs/loader:1487:12)\n' +
    '    at require (node:internal/modules/helpers:135:16)\n' +
    '    at Object.<anonymous> (C:\\note-sharing-platform\\nasa-healthy-cities\\server\\server.js:17:20)\n' +
    '    at Module._compile (node:internal/modules/cjs/loader:1730:14)',
  stack: "Error: Cannot find module './routes/cityRoutes'\n" +
    'Require stack:\n' +
    '- C:\\note-sharing-platform\\nasa-healthy-cities\\server\\server.js\n' +
    '    at Function._resolveFilename (node:internal/modules/cjs/loader:1401:15)\n' +
    '    at defaultResolveImpl (node:internal/modules/cjs/loader:1057:19)\n' +
    '    at resolveForCJSWithHooks (node:internal/modules/cjs/loader:1062:22)\n' +
    '    at Function._load (node:internal/modules/cjs/loader:1211:37)\n' +
    '    at TracingChannel.traceSync (node:diagnostics_channel:322:14)\n' +
    '    at wrapModuleLoad (node:internal/modules/cjs/loader:235:24)\n' +
    '    at Module.require (node:internal/modules/cjs/loader:1487:12)\n' +
    '    at require (node:internal/modules/helpers:135:16)\n' +
    '    at Object.<anonymous> (C:\\note-sharing-platform\\nasa-healthy-cities\\server\\server.js:17:20)\n' +
    '    at Module._compile (node:internal/modules/cjs/loader:1730:14)',
  exception: true,
  date: 'Thu Aug 14 2025 03:09:48 GMT+0600 (Bangladesh Standard Time)',
  process: {
    pid: 18888,
    uid: null,
    gid: null,
    cwd: 'C:\\note-sharing-platform\\nasa-healthy-cities\\server',
    execPath: 'E:\\NodeJS\\node.exe',
    version: 'v22.17.0',
    argv: [
      'E:\\NodeJS\\node.exe',
      'C:\\note-sharing-platform\\nasa-healthy-cities\\server\\server.js'
    ],
    memoryUsage: {
      rss: 58912768,
      heapTotal: 32043008,
      heapUsed: 17917936,
      external: 3431725,
      arrayBuffers: 67876
    }
  },
  os: { loadavg: [ 0, 0, 0 ], uptime: 556358.093 },
  trace: [
    {
      column: 15,
      file: 'node:internal/modules/cjs/loader',
      function: 'Function._resolveFilename',
      line: 1401,
      method: '_resolveFilename',
      native: false
    },
    {
      column: 19,
      file: 'node:internal/modules/cjs/loader',
      function: 'defaultResolveImpl',
      line: 1057,
      method: null,
      native: false
    },
    {
      column: 22,
      file: 'node:internal/modules/cjs/loader',
      function: 'resolveForCJSWithHooks',
      line: 1062,
      method: null,
      native: false
    },
    {
      column: 37,
      file: 'node:internal/modules/cjs/loader',
      function: 'Function._load',
      line: 1211,
      method: '_load',
      native: false
    },
    {
      column: 14,
      file: 'node:diagnostics_channel',
      function: 'TracingChannel.traceSync',
      line: 322,
      method: 'traceSync',
      native: false
    },
    {
      column: 24,
      file: 'node:internal/modules/cjs/loader',
      function: 'wrapModuleLoad',
      line: 235,
      method: null,
      native: false
    },
    {
      column: 12,
      file: 'node:internal/modules/cjs/loader',
      function: 'Module.require',
      line: 1487,
      method: 'require',
      native: false
    },
    {
      column: 16,
      file: 'node:internal/modules/helpers',
      function: 'require',
      line: 135,
      method: null,
      native: false
    },
    {
      column: 20,
      file: 'C:\\note-sharing-platform\\nasa-healthy-cities\\server\\server.js',
      function: null,
      line: 17,
      method: null,
      native: false
    },
    {
      column: 14,
      file: 'node:internal/modules/cjs/loader',
      function: 'Module._compile',
      line: 1730,
      method: '_compile',
      native: false
    }
  ],
  service: 'nasa-healthy-cities',
  version: '1.0.0',
  timestamp: '2025-08-14 03:09:48'
}
{
  error: Error: Cannot find module './routes/cityRoutes'
  Require stack:
  - C:\note-sharing-platform\nasa-healthy-cities\server\server.js
      at Function._resolveFilename (node:internal/modules/cjs/loader:1401:15)
      at defaultResolveImpl (node:internal/modules/cjs/loader:1057:19)
      at resolveForCJSWithHooks (node:internal/modules/cjs/loader:1062:22)
      at Function._load (node:internal/modules/cjs/loader:1211:37)
      at TracingChannel.traceSync (node:diagnostics_channel:322:14)
      at wrapModuleLoad (node:internal/modules/cjs/loader:235:24)
      at Module.require (node:internal/modules/cjs/loader:1487:12)
      at require (node:internal/modules/helpers:135:16)
      at Object.<anonymous> (C:\note-sharing-platform\nasa-healthy-cities\server\server.js:17:20)
      at Module._compile (node:internal/modules/cjs/loader:1730:14) {
    code: 'MODULE_NOT_FOUND',
    requireStack: [
      'C:\\note-sharing-platform\\nasa-healthy-cities\\server\\server.js'
    ]
  },
  level: 'error',
  message: "uncaughtException: Cannot find module './routes/cityRoutes'\n" +
    'Require stack:\n' +
    '- C:\\note-sharing-platform\\nasa-healthy-cities\\server\\server.js\n' +
    "Error: Cannot find module './routes/cityRoutes'\n" +
    'Require stack:\n' +
    '- C:\\note-sharing-platform\\nasa-healthy-cities\\server\\server.js\n' +
    '    at Function._resolveFilename (node:internal/modules/cjs/loader:1401:15)\n' +
    '    at defaultResolveImpl (node:internal/modules/cjs/loader:1057:19)\n' +
    '    at resolveForCJSWithHooks (node:internal/modules/cjs/loader:1062:22)\n' +
    '    at Function._load (node:internal/modules/cjs/loader:1211:37)\n' +
    '    at TracingChannel.traceSync (node:diagnostics_channel:322:14)\n' +
    '    at wrapModuleLoad (node:internal/modules/cjs/loader:235:24)\n' +
    '    at Module.require (node:internal/modules/cjs/loader:1487:12)\n' +
    '    at require (node:internal/modules/helpers:135:16)\n' +
    '    at Object.<anonymous> (C:\\note-sharing-platform\\nasa-healthy-cities\\server\\server.js:17:20)\n' +
    '    at Module._compile (node:internal/modules/cjs/loader:1730:14)',
  stack: "Error: Cannot find module './routes/cityRoutes'\n" +
    'Require stack:\n' +
    '- C:\\note-sharing-platform\\nasa-healthy-cities\\server\\server.js\n' +
    '    at Function._resolveFilename (node:internal/modules/cjs/loader:1401:15)\n' +
    '    at defaultResolveImpl (node:internal/modules/cjs/loader:1057:19)\n' +
    '    at resolveForCJSWithHooks (node:internal/modules/cjs/loader:1062:22)\n' +
    '    at Function._load (node:internal/modules/cjs/loader:1211:37)\n' +
    '    at TracingChannel.traceSync (node:diagnostics_channel:322:14)\n' +
    '    at wrapModuleLoad (node:internal/modules/cjs/loader:235:24)\n' +
    '    at Module.require (node:internal/modules/cjs/loader:1487:12)\n' +
    '    at require (node:internal/modules/helpers:135:16)\n' +
    '    at Object.<anonymous> (C:\\note-sharing-platform\\nasa-healthy-cities\\server\\server.js:17:20)\n' +
    '    at Module._compile (node:internal/modules/cjs/loader:1730:14)',
  exception: true,
  date: 'Thu Aug 14 2025 03:09:52 GMT+0600 (Bangladesh Standard Time)',
  process: {
    pid: 13108,
    uid: null,
    gid: null,
    cwd: 'C:\\note-sharing-platform\\nasa-healthy-cities\\server',
    execPath: 'E:\\NodeJS\\node.exe',
    version: 'v22.17.0',
    argv: [
      'E:\\NodeJS\\node.exe',
      'C:\\note-sharing-platform\\nasa-healthy-cities\\server\\server.js'
    ],
    memoryUsage: {
      rss: 58994688,
      heapTotal: 32567296,
      heapUsed: 17865464,
      external: 3431725,
      arrayBuffers: 67876
    }
  },
  os: { loadavg: [ 0, 0, 0 ], uptime: 556362.359 },
  trace: [
    {
      column: 15,
      file: 'node:internal/modules/cjs/loader',
      function: 'Function._resolveFilename',
      line: 1401,
      method: '_resolveFilename',
      native: false
    },
    {
      column: 19,
      file: 'node:internal/modules/cjs/loader',
      function: 'defaultResolveImpl',
      line: 1057,
      method: null,
      native: false
    },
    {
      column: 22,
      file: 'node:internal/modules/cjs/loader',
      function: 'resolveForCJSWithHooks',
      line: 1062,
      method: null,
      native: false
    },
    {
      column: 37,
      file: 'node:internal/modules/cjs/loader',
      function: 'Function._load',
      line: 1211,
      method: '_load',
      native: false
    },
    {
      column: 14,
      file: 'node:diagnostics_channel',
      function: 'TracingChannel.traceSync',
      line: 322,
      method: 'traceSync',
      native: false
    },
    {
      column: 24,
      file: 'node:internal/modules/cjs/loader',
      function: 'wrapModuleLoad',
      line: 235,
      method: null,
      native: false
    },
    {
      column: 12,
      file: 'node:internal/modules/cjs/loader',
      function: 'Module.require',
      line: 1487,
      method: 'require',
      native: false
    },
    {
      column: 16,
      file: 'node:internal/modules/helpers',
      function: 'require',
      line: 135,
      method: null,
      native: false
    },
    {
      column: 20,
      file: 'C:\\note-sharing-platform\\nasa-healthy-cities\\server\\server.js',
      function: null,
      line: 17,
      method: null,
      native: false
    },
    {
      column: 14,
      file: 'node:internal/modules/cjs/loader',
      function: 'Module._compile',
      line: 1730,
      method: '_compile',
      native: false
    }
  ],
  service: 'nasa-healthy-cities',
  version: '1.0.0',
  timestamp: '2025-08-14 03:09:52'
}
{
  error: Error: Cannot find module './routes/analysisRoutes'
  Require stack:
  - C:\note-sharing-platform\nasa-healthy-cities\server\server.js
      at Function._resolveFilename (node:internal/modules/cjs/loader:1401:15)
      at defaultResolveImpl (node:internal/modules/cjs/loader:1057:19)
      at resolveForCJSWithHooks (node:internal/modules/cjs/loader:1062:22)
      at Function._load (node:internal/modules/cjs/loader:1211:37)
      at TracingChannel.traceSync (node:diagnostics_channel:322:14)
      at wrapModuleLoad (node:internal/modules/cjs/loader:235:24)
      at Module.require (node:internal/modules/cjs/loader:1487:12)
      at require (node:internal/modules/helpers:135:16)
      at Object.<anonymous> (C:\note-sharing-platform\nasa-healthy-cities\server\server.js:18:24)
      at Module._compile (node:internal/modules/cjs/loader:1730:14) {
    code: 'MODULE_NOT_FOUND',
    requireStack: [
      'C:\\note-sharing-platform\\nasa-healthy-cities\\server\\server.js'
    ]
  },
  level: 'error',
  message: "uncaughtException: Cannot find module './routes/analysisRoutes'\n" +
    'Require stack:\n' +
    '- C:\\note-sharing-platform\\nasa-healthy-cities\\server\\server.js\n' +
    "Error: Cannot find module './routes/analysisRoutes'\n" +
    'Require stack:\n' +
    '- C:\\note-sharing-platform\\nasa-healthy-cities\\server\\server.js\n' +
    '    at Function._resolveFilename (node:internal/modules/cjs/loader:1401:15)\n' +
    '    at defaultResolveImpl (node:internal/modules/cjs/loader:1057:19)\n' +
    '    at resolveForCJSWithHooks (node:internal/modules/cjs/loader:1062:22)\n' +
    '    at Function._load (node:internal/modules/cjs/loader:1211:37)\n' +
    '    at TracingChannel.traceSync (node:diagnostics_channel:322:14)\n' +
    '    at wrapModuleLoad (node:internal/modules/cjs/loader:235:24)\n' +
    '    at Module.require (node:internal/modules/cjs/loader:1487:12)\n' +
    '    at require (node:internal/modules/helpers:135:16)\n' +
    '    at Object.<anonymous> (C:\\note-sharing-platform\\nasa-healthy-cities\\server\\server.js:18:24)\n' +
    '    at Module._compile (node:internal/modules/cjs/loader:1730:14)',
  stack: "Error: Cannot find module './routes/analysisRoutes'\n" +
    'Require stack:\n' +
    '- C:\\note-sharing-platform\\nasa-healthy-cities\\server\\server.js\n' +
    '    at Function._resolveFilename (node:internal/modules/cjs/loader:1401:15)\n' +
    '    at defaultResolveImpl (node:internal/modules/cjs/loader:1057:19)\n' +
    '    at resolveForCJSWithHooks (node:internal/modules/cjs/loader:1062:22)\n' +
    '    at Function._load (node:internal/modules/cjs/loader:1211:37)\n' +
    '    at TracingChannel.traceSync (node:diagnostics_channel:322:14)\n' +
    '    at wrapModuleLoad (node:internal/modules/cjs/loader:235:24)\n' +
    '    at Module.require (node:internal/modules/cjs/loader:1487:12)\n' +
    '    at require (node:internal/modules/helpers:135:16)\n' +
    '    at Object.<anonymous> (C:\\note-sharing-platform\\nasa-healthy-cities\\server\\server.js:18:24)\n' +
    '    at Module._compile (node:internal/modules/cjs/loader:1730:14)',
  exception: true,
  date: 'Thu Aug 14 2025 03:20:43 GMT+0600 (Bangladesh Standard Time)',
  process: {
    pid: 22808,
    uid: null,
    gid: null,
    cwd: 'C:\\note-sharing-platform\\nasa-healthy-cities\\server',
    execPath: 'E:\\NodeJS\\node.exe',
    version: 'v22.17.0',
    argv: [
      'E:\\NodeJS\\node.exe',
      'C:\\note-sharing-platform\\nasa-healthy-cities\\server\\server.js'
    ],
    memoryUsage: {
      rss: 58769408,
      heapTotal: 32043008,
      heapUsed: 17864864,
      external: 3431725,
      arrayBuffers: 67876
    }
  },
  os: { loadavg: [ 0, 0, 0 ], uptime: 557013.656 },
  trace: [
    {
      column: 15,
      file: 'node:internal/modules/cjs/loader',
      function: 'Function._resolveFilename',
      line: 1401,
      method: '_resolveFilename',
      native: false
    },
    {
      column: 19,
      file: 'node:internal/modules/cjs/loader',
      function: 'defaultResolveImpl',
      line: 1057,
      method: null,
      native: false
    },
    {
      column: 22,
      file: 'node:internal/modules/cjs/loader',
      function: 'resolveForCJSWithHooks',
      line: 1062,
      method: null,
      native: false
    },
    {
      column: 37,
      file: 'node:internal/modules/cjs/loader',
      function: 'Function._load',
      line: 1211,
      method: '_load',
      native: false
    },
    {
      column: 14,
      file: 'node:diagnostics_channel',
      function: 'TracingChannel.traceSync',
      line: 322,
      method: 'traceSync',
      native: false
    },
    {
      column: 24,
      file: 'node:internal/modules/cjs/loader',
      function: 'wrapModuleLoad',
      line: 235,
      method: null,
      native: false
    },
    {
      column: 12,
      file: 'node:internal/modules/cjs/loader',
      function: 'Module.require',
      line: 1487,
      method: 'require',
      native: false
    },
    {
      column: 16,
      file: 'node:internal/modules/helpers',
      function: 'require',
      line: 135,
      method: null,
      native: false
    },
    {
      column: 24,
      file: 'C:\\note-sharing-platform\\nasa-healthy-cities\\server\\server.js',
      function: null,
      line: 18,
      method: null,
      native: false
    },
    {
      column: 14,
      file: 'node:internal/modules/cjs/loader',
      function: 'Module._compile',
      line: 1730,
      method: '_compile',
      native: false
    }
  ],
  service: 'nasa-healthy-cities',
  version: '1.0.0',
  timestamp: '2025-08-14 03:20:43'
}
{
  error: TypeError: Router.use() requires a middleware function but got a Object
      at Function.use (C:\note-sharing-platform\nasa-healthy-cities\server\node_modules\express\lib\router\index.js:469:13)
      at Function.<anonymous> (C:\note-sharing-platform\nasa-healthy-cities\server\node_modules\express\lib\application.js:227:21)
      at Array.forEach (<anonymous>)
      at Function.use (C:\note-sharing-platform\nasa-healthy-cities\server\node_modules\express\lib\application.js:224:7)
      at Object.<anonymous> (C:\note-sharing-platform\nasa-healthy-cities\server\server.js:132:5)
      at Module._compile (node:internal/modules/cjs/loader:1730:14)
      at Object..js (node:internal/modules/cjs/loader:1895:10)
      at Module.load (node:internal/modules/cjs/loader:1465:32)
      at Function._load (node:internal/modules/cjs/loader:1282:12)
      at TracingChannel.traceSync (node:diagnostics_channel:322:14),
  level: 'error',
  message: 'uncaughtException: Router.use() requires a middleware function but got a Object\n' +
    'TypeError: Router.use() requires a middleware function but got a Object\n' +
    '    at Function.use (C:\\note-sharing-platform\\nasa-healthy-cities\\server\\node_modules\\express\\lib\\router\\index.js:469:13)\n' +
    '    at Function.<anonymous> (C:\\note-sharing-platform\\nasa-healthy-cities\\server\\node_modules\\express\\lib\\application.js:227:21)\n' +
    '    at Array.forEach (<anonymous>)\n' +
    '    at Function.use (C:\\note-sharing-platform\\nasa-healthy-cities\\server\\node_modules\\express\\lib\\application.js:224:7)\n' +
    '    at Object.<anonymous> (C:\\note-sharing-platform\\nasa-healthy-cities\\server\\server.js:132:5)\n' +
    '    at Module._compile (node:internal/modules/cjs/loader:1730:14)\n' +
    '    at Object..js (node:internal/modules/cjs/loader:1895:10)\n' +
    '    at Module.load (node:internal/modules/cjs/loader:1465:32)\n' +
    '    at Function._load (node:internal/modules/cjs/loader:1282:12)\n' +
    '    at TracingChannel.traceSync (node:diagnostics_channel:322:14)',
  stack: 'TypeError: Router.use() requires a middleware function but got a Object\n' +
    '    at Function.use (C:\\note-sharing-platform\\nasa-healthy-cities\\server\\node_modules\\express\\lib\\router\\index.js:469:13)\n' +
    '    at Function.<anonymous> (C:\\note-sharing-platform\\nasa-healthy-cities\\server\\node_modules\\express\\lib\\application.js:227:21)\n' +
    '    at Array.forEach (<anonymous>)\n' +
    '    at Function.use (C:\\note-sharing-platform\\nasa-healthy-cities\\server\\node_modules\\express\\lib\\application.js:224:7)\n' +
    '    at Object.<anonymous> (C:\\note-sharing-platform\\nasa-healthy-cities\\server\\server.js:132:5)\n' +
    '    at Module._compile (node:internal/modules/cjs/loader:1730:14)\n' +
    '    at Object..js (node:internal/modules/cjs/loader:1895:10)\n' +
    '    at Module.load (node:internal/modules/cjs/loader:1465:32)\n' +
    '    at Function._load (node:internal/modules/cjs/loader:1282:12)\n' +
    '    at TracingChannel.traceSync (node:diagnostics_channel:322:14)',
  exception: true,
  date: 'Thu Aug 14 2025 03:21:25 GMT+0600 (Bangladesh Standard Time)',
  process: {
    pid: 8316,
    uid: null,
    gid: null,
    cwd: 'C:\\note-sharing-platform\\nasa-healthy-cities\\server',
    execPath: 'E:\\NodeJS\\node.exe',
    version: 'v22.17.0',
    argv: [
      'E:\\NodeJS\\node.exe',
      'C:\\note-sharing-platform\\nasa-healthy-cities\\server\\server.js'
    ],
    memoryUsage: {
      rss: 59678720,
      heapTotal: 32305152,
      heapUsed: 18243992,
      external: 3431725,
      arrayBuffers: 67876
    }
  },
  os: { loadavg: [ 0, 0, 0 ], uptime: 557055.39 },
  trace: [
    {
      column: 13,
      file: 'C:\\note-sharing-platform\\nasa-healthy-cities\\server\\node_modules\\express\\lib\\router\\index.js',
      function: 'Function.use',
      line: 469,
      method: 'use',
      native: false
    },
    {
      column: 21,
      file: 'C:\\note-sharing-platform\\nasa-healthy-cities\\server\\node_modules\\express\\lib\\application.js',
      function: null,
      line: 227,
      method: null,
      native: false
    },
    {
      column: null,
      file: null,
      function: 'Array.forEach',
      line: null,
      method: 'forEach',
      native: false
    },
    {
      column: 7,
      file: 'C:\\note-sharing-platform\\nasa-healthy-cities\\server\\node_modules\\express\\lib\\application.js',
      function: 'Function.use',
      line: 224,
      method: 'use',
      native: false
    },
    {
      column: 5,
      file: 'C:\\note-sharing-platform\\nasa-healthy-cities\\server\\server.js',
      function: null,
      line: 132,
      method: null,
      native: false
    },
    {
      column: 14,
      file: 'node:internal/modules/cjs/loader',
      function: 'Module._compile',
      line: 1730,
      method: '_compile',
      native: false
    },
    {
      column: 10,
      file: 'node:internal/modules/cjs/loader',
      function: 'Object..js',
      line: 1895,
      method: '.js',
      native: false
    },
    {
      column: 32,
      file: 'node:internal/modules/cjs/loader',
      function: 'Module.load',
      line: 1465,
      method: 'load',
      native: false
    },
    {
      column: 12,
      file: 'node:internal/modules/cjs/loader',
      function: 'Function._load',
      line: 1282,
      method: '_load',
      native: false
    },
    {
      column: 14,
      file: 'node:diagnostics_channel',
      function: 'TracingChannel.traceSync',
      line: 322,
      method: 'traceSync',
      native: false
    }
  ],
  service: 'nasa-healthy-cities',
  version: '1.0.0',
  timestamp: '2025-08-14 03:21:25'
}
{
  error: TypeError: Router.use() requires a middleware function but got a Object
      at Function.use (C:\note-sharing-platform\nasa-healthy-cities\server\node_modules\express\lib\router\index.js:469:13)
      at Function.<anonymous> (C:\note-sharing-platform\nasa-healthy-cities\server\node_modules\express\lib\application.js:227:21)
      at Array.forEach (<anonymous>)
      at Function.use (C:\note-sharing-platform\nasa-healthy-cities\server\node_modules\express\lib\application.js:224:7)
      at Object.<anonymous> (C:\note-sharing-platform\nasa-healthy-cities\server\server.js:132:5)
      at Module._compile (node:internal/modules/cjs/loader:1730:14)
      at Object..js (node:internal/modules/cjs/loader:1895:10)
      at Module.load (node:internal/modules/cjs/loader:1465:32)
      at Function._load (node:internal/modules/cjs/loader:1282:12)
      at TracingChannel.traceSync (node:diagnostics_channel:322:14),
  level: 'error',
  message: 'uncaughtException: Router.use() requires a middleware function but got a Object\n' +
    'TypeError: Router.use() requires a middleware function but got a Object\n' +
    '    at Function.use (C:\\note-sharing-platform\\nasa-healthy-cities\\server\\node_modules\\express\\lib\\router\\index.js:469:13)\n' +
    '    at Function.<anonymous> (C:\\note-sharing-platform\\nasa-healthy-cities\\server\\node_modules\\express\\lib\\application.js:227:21)\n' +
    '    at Array.forEach (<anonymous>)\n' +
    '    at Function.use (C:\\note-sharing-platform\\nasa-healthy-cities\\server\\node_modules\\express\\lib\\application.js:224:7)\n' +
    '    at Object.<anonymous> (C:\\note-sharing-platform\\nasa-healthy-cities\\server\\server.js:132:5)\n' +
    '    at Module._compile (node:internal/modules/cjs/loader:1730:14)\n' +
    '    at Object..js (node:internal/modules/cjs/loader:1895:10)\n' +
    '    at Module.load (node:internal/modules/cjs/loader:1465:32)\n' +
    '    at Function._load (node:internal/modules/cjs/loader:1282:12)\n' +
    '    at TracingChannel.traceSync (node:diagnostics_channel:322:14)',
  stack: 'TypeError: Router.use() requires a middleware function but got a Object\n' +
    '    at Function.use (C:\\note-sharing-platform\\nasa-healthy-cities\\server\\node_modules\\express\\lib\\router\\index.js:469:13)\n' +
    '    at Function.<anonymous> (C:\\note-sharing-platform\\nasa-healthy-cities\\server\\node_modules\\express\\lib\\application.js:227:21)\n' +
    '    at Array.forEach (<anonymous>)\n' +
    '    at Function.use (C:\\note-sharing-platform\\nasa-healthy-cities\\server\\node_modules\\express\\lib\\application.js:224:7)\n' +
    '    at Object.<anonymous> (C:\\note-sharing-platform\\nasa-healthy-cities\\server\\server.js:132:5)\n' +
    '    at Module._compile (node:internal/modules/cjs/loader:1730:14)\n' +
    '    at Object..js (node:internal/modules/cjs/loader:1895:10)\n' +
    '    at Module.load (node:internal/modules/cjs/loader:1465:32)\n' +
    '    at Function._load (node:internal/modules/cjs/loader:1282:12)\n' +
    '    at TracingChannel.traceSync (node:diagnostics_channel:322:14)',
  exception: true,
  date: 'Thu Aug 14 2025 03:22:25 GMT+0600 (Bangladesh Standard Time)',
  process: {
    pid: 18652,
    uid: null,
    gid: null,
    cwd: 'C:\\note-sharing-platform\\nasa-healthy-cities\\server',
    execPath: 'E:\\NodeJS\\node.exe',
    version: 'v22.17.0',
    argv: [
      'E:\\NodeJS\\node.exe',
      'C:\\note-sharing-platform\\nasa-healthy-cities\\server\\server.js'
    ],
    memoryUsage: {
      rss: 59092992,
      heapTotal: 32829440,
      heapUsed: 17863928,
      external: 3431725,
      arrayBuffers: 67876
    }
  },
  os: { loadavg: [ 0, 0, 0 ], uptime: 557115.031 },
  trace: [
    {
      column: 13,
      file: 'C:\\note-sharing-platform\\nasa-healthy-cities\\server\\node_modules\\express\\lib\\router\\index.js',
      function: 'Function.use',
      line: 469,
      method: 'use',
      native: false
    },
    {
      column: 21,
      file: 'C:\\note-sharing-platform\\nasa-healthy-cities\\server\\node_modules\\express\\lib\\application.js',
      function: null,
      line: 227,
      method: null,
      native: false
    },
    {
      column: null,
      file: null,
      function: 'Array.forEach',
      line: null,
      method: 'forEach',
      native: false
    },
    {
      column: 7,
      file: 'C:\\note-sharing-platform\\nasa-healthy-cities\\server\\node_modules\\express\\lib\\application.js',
      function: 'Function.use',
      line: 224,
      method: 'use',
      native: false
    },
    {
      column: 5,
      file: 'C:\\note-sharing-platform\\nasa-healthy-cities\\server\\server.js',
      function: null,
      line: 132,
      method: null,
      native: false
    },
    {
      column: 14,
      file: 'node:internal/modules/cjs/loader',
      function: 'Module._compile',
      line: 1730,
      method: '_compile',
      native: false
    },
    {
      column: 10,
      file: 'node:internal/modules/cjs/loader',
      function: 'Object..js',
      line: 1895,
      method: '.js',
      native: false
    },
    {
      column: 32,
      file: 'node:internal/modules/cjs/loader',
      function: 'Module.load',
      line: 1465,
      method: 'load',
      native: false
    },
    {
      column: 12,
      file: 'node:internal/modules/cjs/loader',
      function: 'Function._load',
      line: 1282,
      method: '_load',
      native: false
    },
    {
      column: 14,
      file: 'node:diagnostics_channel',
      function: 'TracingChannel.traceSync',
      line: 322,
      method: 'traceSync',
      native: false
    }
  ],
  service: 'nasa-healthy-cities',
  version: '1.0.0',
  timestamp: '2025-08-14 03:22:25'
}
{
  error: C:\note-sharing-platform\nasa-healthy-cities\server\routes\analysisRoutes.js:195
          'GPM IMERG Precipitation',
          ^^^^^^^^^^^^^^^^^^^^^^^^^
  
  SyntaxError: Unexpected string
      at wrapSafe (node:internal/modules/cjs/loader:1662:18)
      at Module._compile (node:internal/modules/cjs/loader:1704:20)
      at Object..js (node:internal/modules/cjs/loader:1895:10)
      at Module.load (node:internal/modules/cjs/loader:1465:32)
      at Function._load (node:internal/modules/cjs/loader:1282:12)
      at TracingChannel.traceSync (node:diagnostics_channel:322:14)
      at wrapModuleLoad (node:internal/modules/cjs/loader:235:24)
      at Module.require (node:internal/modules/cjs/loader:1487:12)
      at require (node:internal/modules/helpers:135:16)
      at Object.<anonymous> (C:\note-sharing-platform\nasa-healthy-cities\server\server.js:18:24),
  level: 'error',
  message: 'uncaughtException: Unexpected string\n' +
    'C:\\note-sharing-platform\\nasa-healthy-cities\\server\\routes\\analysisRoutes.js:195\n' +
    "        'GPM IMERG Precipitation',\n" +
    '        ^^^^^^^^^^^^^^^^^^^^^^^^^\n' +
    '\n' +
    'SyntaxError: Unexpected string\n' +
    '    at wrapSafe (node:internal/modules/cjs/loader:1662:18)\n' +
    '    at Module._compile (node:internal/modules/cjs/loader:1704:20)\n' +
    '    at Object..js (node:internal/modules/cjs/loader:1895:10)\n' +
    '    at Module.load (node:internal/modules/cjs/loader:1465:32)\n' +
    '    at Function._load (node:internal/modules/cjs/loader:1282:12)\n' +
    '    at TracingChannel.traceSync (node:diagnostics_channel:322:14)\n' +
    '    at wrapModuleLoad (node:internal/modules/cjs/loader:235:24)\n' +
    '    at Module.require (node:internal/modules/cjs/loader:1487:12)\n' +
    '    at require (node:internal/modules/helpers:135:16)\n' +
    '    at Object.<anonymous> (C:\\note-sharing-platform\\nasa-healthy-cities\\server\\server.js:18:24)',
  stack: 'C:\\note-sharing-platform\\nasa-healthy-cities\\server\\routes\\analysisRoutes.js:195\n' +
    "        'GPM IMERG Precipitation',\n" +
    '        ^^^^^^^^^^^^^^^^^^^^^^^^^\n' +
    '\n' +
    'SyntaxError: Unexpected string\n' +
    '    at wrapSafe (node:internal/modules/cjs/loader:1662:18)\n' +
    '    at Module._compile (node:internal/modules/cjs/loader:1704:20)\n' +
    '    at Object..js (node:internal/modules/cjs/loader:1895:10)\n' +
    '    at Module.load (node:internal/modules/cjs/loader:1465:32)\n' +
    '    at Function._load (node:internal/modules/cjs/loader:1282:12)\n' +
    '    at TracingChannel.traceSync (node:diagnostics_channel:322:14)\n' +
    '    at wrapModuleLoad (node:internal/modules/cjs/loader:235:24)\n' +
    '    at Module.require (node:internal/modules/cjs/loader:1487:12)\n' +
    '    at require (node:internal/modules/helpers:135:16)\n' +
    '    at Object.<anonymous> (C:\\note-sharing-platform\\nasa-healthy-cities\\server\\server.js:18:24)',
  exception: true,
  date: 'Thu Aug 14 2025 03:29:22 GMT+0600 (Bangladesh Standard Time)',
  process: {
    pid: 14820,
    uid: null,
    gid: null,
    cwd: 'C:\\note-sharing-platform\\nasa-healthy-cities\\server',
    execPath: 'E:\\NodeJS\\node.exe',
    version: 'v22.17.0',
    argv: [
      'E:\\NodeJS\\node.exe',
      'C:\\note-sharing-platform\\nasa-healthy-cities\\server\\server.js'
    ],
    memoryUsage: {
      rss: 58753024,
      heapTotal: 32567296,
      heapUsed: 17961656,
      external: 3431725,
      arrayBuffers: 67876
    }
  },
  os: { loadavg: [ 0, 0, 0 ], uptime: 557532.171 },
  trace: [
    {
      column: 18,
      file: 'node:internal/modules/cjs/loader',
      function: 'wrapSafe',
      line: 1662,
      method: null,
      native: false
    },
    {
      column: 20,
      file: 'node:internal/modules/cjs/loader',
      function: 'Module._compile',
      line: 1704,
      method: '_compile',
      native: false
    },
    {
      column: 10,
      file: 'node:internal/modules/cjs/loader',
      function: 'Object..js',
      line: 1895,
      method: '.js',
      native: false
    },
    {
      column: 32,
      file: 'node:internal/modules/cjs/loader',
      function: 'Module.load',
      line: 1465,
      method: 'load',
      native: false
    },
    {
      column: 12,
      file: 'node:internal/modules/cjs/loader',
      function: 'Function._load',
      line: 1282,
      method: '_load',
      native: false
    },
    {
      column: 14,
      file: 'node:diagnostics_channel',
      function: 'TracingChannel.traceSync',
      line: 322,
      method: 'traceSync',
      native: false
    },
    {
      column: 24,
      file: 'node:internal/modules/cjs/loader',
      function: 'wrapModuleLoad',
      line: 235,
      method: null,
      native: false
    },
    {
      column: 12,
      file: 'node:internal/modules/cjs/loader',
      function: 'Module.require',
      line: 1487,
      method: 'require',
      native: false
    },
    {
      column: 16,
      file: 'node:internal/modules/helpers',
      function: 'require',
      line: 135,
      method: null,
      native: false
    },
    {
      column: 24,
      file: 'C:\\note-sharing-platform\\nasa-healthy-cities\\server\\server.js',
      function: null,
      line: 18,
      method: null,
      native: false
    }
  ],
  service: 'nasa-healthy-cities',
  version: '1.0.0',
  timestamp: '2025-08-14 03:29:22'
}
{
  error: C:\note-sharing-platform\nasa-healthy-cities\server\routes\analysisRoutes.js:212
        ],
        ^
  
  SyntaxError: Unexpected token ']'
      at wrapSafe (node:internal/modules/cjs/loader:1662:18)
      at Module._compile (node:internal/modules/cjs/loader:1704:20)
      at Object..js (node:internal/modules/cjs/loader:1895:10)
      at Module.load (node:internal/modules/cjs/loader:1465:32)
      at Function._load (node:internal/modules/cjs/loader:1282:12)
      at TracingChannel.traceSync (node:diagnostics_channel:322:14)
      at wrapModuleLoad (node:internal/modules/cjs/loader:235:24)
      at Module.require (node:internal/modules/cjs/loader:1487:12)
      at require (node:internal/modules/helpers:135:16)
      at Object.<anonymous> (C:\note-sharing-platform\nasa-healthy-cities\server\server.js:18:24),
  level: 'error',
  message: "uncaughtException: Unexpected token ']'\n" +
    'C:\\note-sharing-platform\\nasa-healthy-cities\\server\\routes\\analysisRoutes.js:212\n' +
    '      ],\n' +
    '      ^\n' +
    '\n' +
    "SyntaxError: Unexpected token ']'\n" +
    '    at wrapSafe (node:internal/modules/cjs/loader:1662:18)\n' +
    '    at Module._compile (node:internal/modules/cjs/loader:1704:20)\n' +
    '    at Object..js (node:internal/modules/cjs/loader:1895:10)\n' +
    '    at Module.load (node:internal/modules/cjs/loader:1465:32)\n' +
    '    at Function._load (node:internal/modules/cjs/loader:1282:12)\n' +
    '    at TracingChannel.traceSync (node:diagnostics_channel:322:14)\n' +
    '    at wrapModuleLoad (node:internal/modules/cjs/loader:235:24)\n' +
    '    at Module.require (node:internal/modules/cjs/loader:1487:12)\n' +
    '    at require (node:internal/modules/helpers:135:16)\n' +
    '    at Object.<anonymous> (C:\\note-sharing-platform\\nasa-healthy-cities\\server\\server.js:18:24)',
  stack: 'C:\\note-sharing-platform\\nasa-healthy-cities\\server\\routes\\analysisRoutes.js:212\n' +
    '      ],\n' +
    '      ^\n' +
    '\n' +
    "SyntaxError: Unexpected token ']'\n" +
    '    at wrapSafe (node:internal/modules/cjs/loader:1662:18)\n' +
    '    at Module._compile (node:internal/modules/cjs/loader:1704:20)\n' +
    '    at Object..js (node:internal/modules/cjs/loader:1895:10)\n' +
    '    at Module.load (node:internal/modules/cjs/loader:1465:32)\n' +
    '    at Function._load (node:internal/modules/cjs/loader:1282:12)\n' +
    '    at TracingChannel.traceSync (node:diagnostics_channel:322:14)\n' +
    '    at wrapModuleLoad (node:internal/modules/cjs/loader:235:24)\n' +
    '    at Module.require (node:internal/modules/cjs/loader:1487:12)\n' +
    '    at require (node:internal/modules/helpers:135:16)\n' +
    '    at Object.<anonymous> (C:\\note-sharing-platform\\nasa-healthy-cities\\server\\server.js:18:24)',
  exception: true,
  date: 'Thu Aug 14 2025 03:29:31 GMT+0600 (Bangladesh Standard Time)',
  process: {
    pid: 19000,
    uid: null,
    gid: null,
    cwd: 'C:\\note-sharing-platform\\nasa-healthy-cities\\server',
    execPath: 'E:\\NodeJS\\node.exe',
    version: 'v22.17.0',
    argv: [
      'E:\\NodeJS\\node.exe',
      'C:\\note-sharing-platform\\nasa-healthy-cities\\server\\server.js'
    ],
    memoryUsage: {
      rss: 58798080,
      heapTotal: 32305152,
      heapUsed: 18026472,
      external: 3431725,
      arrayBuffers: 67876
    }
  },
  os: { loadavg: [ 0, 0, 0 ], uptime: 557541.343 },
  trace: [
    {
      column: 18,
      file: 'node:internal/modules/cjs/loader',
      function: 'wrapSafe',
      line: 1662,
      method: null,
      native: false
    },
    {
      column: 20,
      file: 'node:internal/modules/cjs/loader',
      function: 'Module._compile',
      line: 1704,
      method: '_compile',
      native: false
    },
    {
      column: 10,
      file: 'node:internal/modules/cjs/loader',
      function: 'Object..js',
      line: 1895,
      method: '.js',
      native: false
    },
    {
      column: 32,
      file: 'node:internal/modules/cjs/loader',
      function: 'Module.load',
      line: 1465,
      method: 'load',
      native: false
    },
    {
      column: 12,
      file: 'node:internal/modules/cjs/loader',
      function: 'Function._load',
      line: 1282,
      method: '_load',
      native: false
    },
    {
      column: 14,
      file: 'node:diagnostics_channel',
      function: 'TracingChannel.traceSync',
      line: 322,
      method: 'traceSync',
      native: false
    },
    {
      column: 24,
      file: 'node:internal/modules/cjs/loader',
      function: 'wrapModuleLoad',
      line: 235,
      method: null,
      native: false
    },
    {
      column: 12,
      file: 'node:internal/modules/cjs/loader',
      function: 'Module.require',
      line: 1487,
      method: 'require',
      native: false
    },
    {
      column: 16,
      file: 'node:internal/modules/helpers',
      function: 'require',
      line: 135,
      method: null,
      native: false
    },
    {
      column: 24,
      file: 'C:\\note-sharing-platform\\nasa-healthy-cities\\server\\server.js',
      function: null,
      line: 18,
      method: null,
      native: false
    }
  ],
  service: 'nasa-healthy-cities',
  version: '1.0.0',
  timestamp: '2025-08-14 03:29:31'
}
