

{"timestamp":"2025-09-18 00:16:40","level":"info","message":"NASA API Request: GET https://power.larc.nasa.gov/api/temporal/daily/point","service":"nasa-healthy-cities","version":"1.0.0"}
{"timestamp":"2025-09-18 00:16:40","level":"info","message":"NASA API Request: GET https://power.larc.nasa.gov/api/temporal/daily/point","service":"nasa-healthy-cities","version":"1.0.0"}
{"timestamp":"2025-09-18 00:16:41","level":"error","message":"NASA API Response Error: Request failed with status code 422","service":"nasa-healthy-cities","version":"1.0.0","url":"https://power.larc.nasa.gov/api/temporal/daily/point","status":422}
{"timestamp":"2025-09-18 00:16:41","level":"warn","message":"NASA API failed, providing mock precipitation data:","service":"nasa-healthy-cities","version":"1.0.0"}
{"timestamp":"2025-09-18 00:16:42","level":"error","message":"NASA API Response Error: Request failed with status code 422","service":"nasa-healthy-cities","version":"1.0.0","url":"https://power.larc.nasa.gov/api/temporal/daily/point","status":422}
{"timestamp":"2025-09-18 00:16:42","level":"warn","message":"NASA API failed, providing mock data:","service":"nasa-healthy-cities","version":"1.0.0"}



























{"timestamp":"2025-09-18 01:17:28","level":"info","message":"NASA API Request: GET https://power.larc.nasa.gov/api/temporal/daily/point","service":"nasa-healthy-cities","version":"1.0.0"}
{"timestamp":"2025-09-18 01:17:28","level":"info","message":"NASA API Request: GET https://power.larc.nasa.gov/api/temporal/daily/point","service":"nasa-healthy-cities","version":"1.0.0"}
{"timestamp":"2025-09-18 01:17:29","level":"error","message":"NASA API Response Error: Request failed with status code 422","service":"nasa-healthy-cities","version":"1.0.0","url":"https://power.larc.nasa.gov/api/temporal/daily/point","status":422}
{"timestamp":"2025-09-18 01:17:29","level":"warn","message":"NASA API failed, providing mock precipitation data:","service":"nasa-healthy-cities","version":"1.0.0"}
{"timestamp":"2025-09-18 01:17:29","level":"error","message":"NASA API Response Error: Request failed with status code 422","service":"nasa-healthy-cities","version":"1.0.0","url":"https://power.larc.nasa.gov/api/temporal/daily/point","status":422}
{"timestamp":"2025-09-18 01:17:29","level":"warn","message":"NASA API failed, providing mock data:","service":"nasa-healthy-cities","version":"1.0.0"}















{"timestamp":"2025-09-18 12:04:02","level":"info","message":"NASA API Request: GET https://power.larc.nasa.gov/api/temporal/daily/point","service":"nasa-healthy-cities","version":"1.0.0"}
{"timestamp":"2025-09-18 12:04:02","level":"info","message":"NASA API Request: GET https://power.larc.nasa.gov/api/temporal/daily/point","service":"nasa-healthy-cities","version":"1.0.0"}
{"timestamp":"2025-09-18 12:04:03","level":"error","message":"NASA API Response Error: Request failed with status code 422","service":"nasa-healthy-cities","version":"1.0.0","url":"https://power.larc.nasa.gov/api/temporal/daily/point","status":422}
{"timestamp":"2025-09-18 12:04:03","level":"warn","message":"NASA API failed, providing mock precipitation data:","service":"nasa-healthy-cities","version":"1.0.0"}
{"timestamp":"2025-09-18 12:04:04","level":"error","message":"NASA API Response Error: Request failed with status code 422","service":"nasa-healthy-cities","version":"1.0.0","url":"https://power.larc.nasa.gov/api/temporal/daily/point","status":422}
{"timestamp":"2025-09-18 12:04:04","level":"warn","message":"NASA API failed, providing mock data:","service":"nasa-healthy-cities","version":"1.0.0"}





















{"timestamp":"2025-09-18 23:11:12","level":"info","message":"NASA API Request: GET https://power.larc.nasa.gov/api/temporal/daily/point","service":"nasa-healthy-cities","version":"1.0.0"}
{"timestamp":"2025-09-18 23:11:12","level":"error","message":"NASA API Response Error: getaddrinfo ENOTFOUND power.larc.nasa.gov","service":"nasa-healthy-cities","version":"1.0.0","url":"https://power.larc.nasa.gov/api/temporal/daily/point"}
{"timestamp":"2025-09-18 23:11:12","level":"warn","message":"NASA API failed, providing mock data:","service":"nasa-healthy-cities","version":"1.0.0"}
{"timestamp":"2025-09-18 23:11:13","level":"info","message":"NASA API Request: GET https://power.larc.nasa.gov/api/temporal/daily/point","service":"nasa-healthy-cities","version":"1.0.0"}
{"timestamp":"2025-09-18 23:11:13","level":"error","message":"NASA API Response Error: getaddrinfo ENOTFOUND power.larc.nasa.gov","service":"nasa-healthy-cities","version":"1.0.0","url":"https://power.larc.nasa.gov/api/temporal/daily/point"}
{"timestamp":"2025-09-18 23:11:13","level":"warn","message":"NASA API failed, providing mock precipitation data:","service":"nasa-healthy-cities","version":"1.0.0"}



















{"timestamp":"2025-09-19 20:12:12","level":"info","message":"NASA API Request: GET https://power.larc.nasa.gov/api/temporal/daily/point","service":"nasa-healthy-cities","version":"1.0.0"}
{"timestamp":"2025-09-19 20:12:12","level":"info","message":"NASA API Request: GET https://power.larc.nasa.gov/api/temporal/daily/point","service":"nasa-healthy-cities","version":"1.0.0"}
{"timestamp":"2025-09-19 20:12:13","level":"error","message":"NASA API Response Error: Request failed with status code 422","service":"nasa-healthy-cities","version":"1.0.0","url":"https://power.larc.nasa.gov/api/temporal/daily/point","status":422}
{"timestamp":"2025-09-19 20:12:13","level":"warn","message":"NASA API failed, providing mock precipitation data:","service":"nasa-healthy-cities","version":"1.0.0"}
{"timestamp":"2025-09-19 20:12:14","level":"error","message":"NASA API Response Error: Request failed with status code 422","service":"nasa-healthy-cities","version":"1.0.0","url":"https://power.larc.nasa.gov/api/temporal/daily/point","status":422}
{"timestamp":"2025-09-19 20:12:14","level":"warn","message":"NASA API failed, providing mock data:","service":"nasa-healthy-cities","version":"1.0.0"}



























{"timestamp":"2025-09-20 21:13:47","level":"info","message":"NASA API Request: GET https://power.larc.nasa.gov/api/temporal/daily/point","service":"nasa-healthy-cities","version":"1.0.0"}
{"timestamp":"2025-09-20 21:13:48","level":"info","message":"NASA API Request: GET https://power.larc.nasa.gov/api/temporal/daily/point","service":"nasa-healthy-cities","version":"1.0.0"}
{"timestamp":"2025-09-20 21:13:48","level":"error","message":"NASA API Response Error: Request failed with status code 422","service":"nasa-healthy-cities","version":"1.0.0","url":"https://power.larc.nasa.gov/api/temporal/daily/point","status":422}
{"timestamp":"2025-09-20 21:13:48","level":"warn","message":"NASA API failed, providing mock data:","service":"nasa-healthy-cities","version":"1.0.0"}

{"timestamp":"2025-09-20 21:13:49","level":"error","message":"NASA API Response Error: Request failed with status code 422","service":"nasa-healthy-cities","version":"1.0.0","url":"https://power.larc.nasa.gov/api/temporal/daily/point","status":422}
{"timestamp":"2025-09-20 21:13:49","level":"warn","message":"NASA API failed, providing mock precipitation data:","service":"nasa-healthy-cities","version":"1.0.0"}




















{"timestamp":"2025-09-22 01:55:02","level":"info","message":"NASA API Request: GET https://power.larc.nasa.gov/api/temporal/daily/point","service":"nasa-healthy-cities","version":"1.0.0"}
{"timestamp":"2025-09-22 01:55:02","level":"info","message":"NASA API Request: GET https://power.larc.nasa.gov/api/temporal/daily/point","service":"nasa-healthy-cities","version":"1.0.0"}
{"timestamp":"2025-09-22 01:55:04","level":"error","message":"NASA API Response Error: Request failed with status code 422","service":"nasa-healthy-cities","version":"1.0.0","url":"https://power.larc.nasa.gov/api/temporal/daily/point","status":422}
{"timestamp":"2025-09-22 01:55:04","level":"warn","message":"NASA API failed, providing mock precipitation data:","service":"nasa-healthy-cities","version":"1.0.0"}
{"timestamp":"2025-09-22 01:55:04","level":"error","message":"NASA API Response Error: Request failed with status code 422","service":"nasa-healthy-cities","version":"1.0.0","url":"https://power.larc.nasa.gov/api/temporal/daily/point","status":422}
{"timestamp":"2025-09-22 01:55:04","level":"warn","message":"NASA API failed, providing mock data:","service":"nasa-healthy-cities","version":"1.0.0"}

{"timestamp":"2025-09-22 12:16:06","level":"info","message":"NASA API Request: GET https://power.larc.nasa.gov/api/temporal/daily/point","service":"nasa-healthy-cities","version":"1.0.0"}
{"timestamp":"2025-09-22 12:16:06","level":"info","message":"NASA API Request: GET https://power.larc.nasa.gov/api/temporal/daily/point","service":"nasa-healthy-cities","version":"1.0.0"}
{"timestamp":"2025-09-22 12:16:07","level":"error","message":"NASA API Response Error: Request failed with status code 422","service":"nasa-healthy-cities","version":"1.0.0","url":"https://power.larc.nasa.gov/api/temporal/daily/point","status":422}
{"timestamp":"2025-09-22 12:16:07","level":"warn","message":"NASA API failed, providing mock precipitation data:","service":"nasa-healthy-cities","version":"1.0.0"}
{"timestamp":"2025-09-22 12:16:07","level":"error","message":"NASA API Response Error: Request failed with status code 422","service":"nasa-healthy-cities","version":"1.0.0","url":"https://power.larc.nasa.gov/api/temporal/daily/point","status":422}
{"timestamp":"2025-09-22 12:16:07","level":"warn","message":"NASA API failed, providing mock data:","service":"nasa-healthy-cities","version":"1.0.0"}












{"timestamp":"2025-09-22 12:27:50","level":"info","message":"NASA API Request: GET https://power.larc.nasa.gov/api/temporal/daily/point","service":"nasa-healthy-cities","version":"1.0.0"}
{"timestamp":"2025-09-22 12:27:50","level":"info","message":"NASA API Request: GET https://power.larc.nasa.gov/api/temporal/daily/point","service":"nasa-healthy-cities","version":"1.0.0"}
{"timestamp":"2025-09-22 12:27:51","level":"error","message":"NASA API Response Error: Request failed with status code 422","service":"nasa-healthy-cities","version":"1.0.0","url":"https://power.larc.nasa.gov/api/temporal/daily/point","status":422}
{"timestamp":"2025-09-22 12:27:51","level":"warn","message":"NASA API failed, providing mock data:","service":"nasa-healthy-cities","version":"1.0.0"}
{"timestamp":"2025-09-22 12:27:52","level":"error","message":"NASA API Response Error: Request failed with status code 422","service":"nasa-healthy-cities","version":"1.0.0","url":"https://power.larc.nasa.gov/api/temporal/daily/point","status":422}
{"timestamp":"2025-09-22 12:27:52","level":"warn","message":"NASA API failed, providing mock precipitation data:","service":"nasa-healthy-cities","version":"1.0.0"}







{"timestamp":"2025-09-22 14:38:01","level":"info","message":"NASA API Request: GET https://power.larc.nasa.gov/api/temporal/daily/point","service":"nasa-healthy-cities","version":"1.0.0"}
{"timestamp":"2025-09-22 14:38:02","level":"info","message":"NASA API Request: GET https://power.larc.nasa.gov/api/temporal/daily/point","service":"nasa-healthy-cities","version":"1.0.0"}
{"timestamp":"2025-09-22 14:38:02","level":"info","message":"NASA API Request: GET https://power.larc.nasa.gov/api/temporal/daily/point","service":"nasa-healthy-cities","version":"1.0.0"}
{"timestamp":"2025-09-22 14:38:02","level":"info","message":"NASA API Request: GET https://power.larc.nasa.gov/api/temporal/daily/point","service":"nasa-healthy-cities","version":"1.0.0"}
{"timestamp":"2025-09-22 14:38:03","level":"error","message":"NASA API Response Error: Request failed with status code 422","service":"nasa-healthy-cities","version":"1.0.0","url":"https://power.larc.nasa.gov/api/temporal/daily/point","status":422}
{"timestamp":"2025-09-22 14:38:03","level":"warn","message":"NASA API failed, providing mock precipitation data:","service":"nasa-healthy-cities","version":"1.0.0"}
{"timestamp":"2025-09-22 14:38:03","level":"error","message":"NASA API Response Error: Request failed with status code 422","service":"nasa-healthy-cities","version":"1.0.0","url":"https://power.larc.nasa.gov/api/temporal/daily/point","status":422}
{"timestamp":"2025-09-22 14:38:03","level":"warn","message":"NASA API failed, providing mock precipitation data:","service":"nasa-healthy-cities","version":"1.0.0"}
{"timestamp":"2025-09-22 14:38:03","level":"error","message":"NASA API Response Error: Request failed with status code 422","service":"nasa-healthy-cities","version":"1.0.0","url":"https://power.larc.nasa.gov/api/temporal/daily/point","status":422}
{"timestamp":"2025-09-22 14:38:03","level":"warn","message":"NASA API failed, providing mock data:","service":"nasa-healthy-cities","version":"1.0.0"}
{"timestamp":"2025-09-22 14:38:03","level":"error","message":"NASA API Response Error: Request failed with status code 422","service":"nasa-healthy-cities","version":"1.0.0","url":"https://power.larc.nasa.gov/api/temporal/daily/point","status":422}
{"timestamp":"2025-09-22 14:38:03","level":"warn","message":"NASA API failed, providing mock data:","service":"nasa-healthy-cities","version":"1.0.0"}



{"timestamp":"2025-09-22 14:45:44","level":"info","message":"NASA API Request: GET https://power.larc.nasa.gov/api/temporal/daily/point","service":"nasa-healthy-cities","version":"1.0.0"}
{"timestamp":"2025-09-22 14:45:44","level":"info","message":"NASA API Request: GET https://power.larc.nasa.gov/api/temporal/daily/point","service":"nasa-healthy-cities","version":"1.0.0"}
{"timestamp":"2025-09-22 14:45:44","level":"info","message":"NASA API Request: GET https://power.larc.nasa.gov/api/temporal/daily/point","service":"nasa-healthy-cities","version":"1.0.0"}
{"timestamp":"2025-09-22 14:45:44","level":"info","message":"NASA API Request: GET https://power.larc.nasa.gov/api/temporal/daily/point","service":"nasa-healthy-cities","version":"1.0.0"}
{"timestamp":"2025-09-22 14:45:46","level":"error","message":"NASA API Response Error: Request failed with status code 422","service":"nasa-healthy-cities","version":"1.0.0","url":"https://power.larc.nasa.gov/api/temporal/daily/point","status":422}
{"timestamp":"2025-09-22 14:45:46","level":"warn","message":"NASA API failed, providing mock data:","service":"nasa-healthy-cities","version":"1.0.0"}
{"timestamp":"2025-09-22 14:45:46","level":"error","message":"NASA API Response Error: Request failed with status code 422","service":"nasa-healthy-cities","version":"1.0.0","url":"https://power.larc.nasa.gov/api/temporal/daily/point","status":422}
{"timestamp":"2025-09-22 14:45:46","level":"warn","message":"NASA API failed, providing mock precipitation data:","service":"nasa-healthy-cities","version":"1.0.0"}
{"timestamp":"2025-09-22 14:45:46","level":"error","message":"NASA API Response Error: Request failed with status code 422","service":"nasa-healthy-cities","version":"1.0.0","url":"https://power.larc.nasa.gov/api/temporal/daily/point","status":422}
{"timestamp":"2025-09-22 14:45:46","level":"warn","message":"NASA API failed, providing mock data:","service":"nasa-healthy-cities","version":"1.0.0"}
{"timestamp":"2025-09-22 14:45:46","level":"error","message":"NASA API Response Error: Request failed with status code 422","service":"nasa-healthy-cities","version":"1.0.0","url":"https://power.larc.nasa.gov/api/temporal/daily/point","status":422}
{"timestamp":"2025-09-22 14:45:46","level":"warn","message":"NASA API failed, providing mock precipitation data:","service":"nasa-healthy-cities","version":"1.0.0"}













{"timestamp":"2025-09-24 17:16:58","level":"info","message":"NASA API Request: GET https://power.larc.nasa.gov/api/temporal/daily/point","service":"nasa-healthy-cities","version":"1.0.0"}
{"timestamp":"2025-09-24 17:16:59","level":"info","message":"NASA API Request: GET https://power.larc.nasa.gov/api/temporal/daily/point","service":"nasa-healthy-cities","version":"1.0.0"}
{"timestamp":"2025-09-24 17:17:00","level":"error","message":"NASA API Response Error: Request failed with status code 422","service":"nasa-healthy-cities","version":"1.0.0","url":"https://power.larc.nasa.gov/api/temporal/daily/point","status":422}
{"timestamp":"2025-09-24 17:17:00","level":"warn","message":"NASA API failed, providing mock data:","service":"nasa-healthy-cities","version":"1.0.0"}
{"timestamp":"2025-09-24 17:17:00","level":"error","message":"NASA API Response Error: Request failed with status code 422","service":"nasa-healthy-cities","version":"1.0.0","url":"https://power.larc.nasa.gov/api/temporal/daily/point","status":422}
{"timestamp":"2025-09-24 17:17:00","level":"warn","message":"NASA API failed, providing mock precipitation data:","service":"nasa-healthy-cities","version":"1.0.0"}






{"timestamp":"2025-09-24 18:19:06","level":"info","message":"NASA API Request: GET https://power.larc.nasa.gov/api/temporal/daily/point","service":"nasa-healthy-cities","version":"1.0.0"}
{"timestamp":"2025-09-24 18:19:06","level":"info","message":"NASA API Request: GET https://power.larc.nasa.gov/api/temporal/daily/point","service":"nasa-healthy-cities","version":"1.0.0"}
{"timestamp":"2025-09-24 18:19:07","level":"error","message":"NASA API Response Error: Request failed with status code 422","service":"nasa-healthy-cities","version":"1.0.0","url":"https://power.larc.nasa.gov/api/temporal/daily/point","status":422}
{"timestamp":"2025-09-24 18:19:07","level":"warn","message":"NASA API failed, providing mock data:","service":"nasa-healthy-cities","version":"1.0.0"}
{"timestamp":"2025-09-24 18:19:07","level":"error","message":"NASA API Response Error: Request failed with status code 422","service":"nasa-healthy-cities","version":"1.0.0","url":"https://power.larc.nasa.gov/api/temporal/daily/point","status":422}
{"timestamp":"2025-09-24 18:19:07","level":"warn","message":"NASA API failed, providing mock precipitation data:","service":"nasa-healthy-cities","version":"1.0.0"}


{"timestamp":"2025-09-24 18:38:32","level":"info","message":"NASA API Request: GET https://power.larc.nasa.gov/api/temporal/daily/point","service":"nasa-healthy-cities","version":"1.0.0"}
{"timestamp":"2025-09-24 18:38:33","level":"info","message":"NASA API Request: GET https://power.larc.nasa.gov/api/temporal/daily/point","service":"nasa-healthy-cities","version":"1.0.0"}
{"timestamp":"2025-09-24 18:38:34","level":"error","message":"NASA API Response Error: Request failed with status code 422","service":"nasa-healthy-cities","version":"1.0.0","url":"https://power.larc.nasa.gov/api/temporal/daily/point","status":422}
{"timestamp":"2025-09-24 18:38:34","level":"warn","message":"NASA API failed, providing mock data:","service":"nasa-healthy-cities","version":"1.0.0"}

{"timestamp":"2025-09-24 18:38:34","level":"error","message":"NASA API Response Error: Request failed with status code 422","service":"nasa-healthy-cities","version":"1.0.0","url":"https://power.larc.nasa.gov/api/temporal/daily/point","status":422}
{"timestamp":"2025-09-24 18:38:34","level":"warn","message":"NASA API failed, providing mock precipitation data:","service":"nasa-healthy-cities","version":"1.0.0"}

















{"timestamp":"2025-09-25 11:04:11","level":"info","message":"NASA API Request: GET https://power.larc.nasa.gov/api/temporal/daily/point","service":"nasa-healthy-cities","version":"1.0.0"}
{"timestamp":"2025-09-25 11:04:11","level":"info","message":"NASA API Request: GET https://power.larc.nasa.gov/api/temporal/daily/point","service":"nasa-healthy-cities","version":"1.0.0"}
{"timestamp":"2025-09-25 11:04:12","level":"error","message":"NASA API Response Error: Request failed with status code 422","service":"nasa-healthy-cities","version":"1.0.0","url":"https://power.larc.nasa.gov/api/temporal/daily/point","status":422}
{"timestamp":"2025-09-25 11:04:12","level":"warn","message":"NASA API failed, providing mock data:","service":"nasa-healthy-cities","version":"1.0.0"}
{"timestamp":"2025-09-25 11:04:12","level":"error","message":"NASA API Response Error: Request failed with status code 422","service":"nasa-healthy-cities","version":"1.0.0","url":"https://power.larc.nasa.gov/api/temporal/daily/point","status":422}
{"timestamp":"2025-09-25 11:04:12","level":"warn","message":"NASA API failed, providing mock precipitation data:","service":"nasa-healthy-cities","version":"1.0.0"}









{"timestamp":"2025-09-25 12:09:36","level":"info","message":"NASA API Request: GET https://power.larc.nasa.gov/api/temporal/daily/point","service":"nasa-healthy-cities","version":"1.0.0"}
{"timestamp":"2025-09-25 12:09:36","level":"info","message":"NASA API Request: GET https://power.larc.nasa.gov/api/temporal/daily/point","service":"nasa-healthy-cities","version":"1.0.0"}
{"timestamp":"2025-09-25 12:09:36","level":"error","message":"NASA API Response Error: Request failed with status code 422","service":"nasa-healthy-cities","version":"1.0.0","url":"https://power.larc.nasa.gov/api/temporal/daily/point","status":422}
{"timestamp":"2025-09-25 12:09:36","level":"warn","message":"NASA API failed, providing mock data:","service":"nasa-healthy-cities","version":"1.0.0"}

{"timestamp":"2025-09-25 12:09:37","level":"error","message":"NASA API Response Error: Request failed with status code 422","service":"nasa-healthy-cities","version":"1.0.0","url":"https://power.larc.nasa.gov/api/temporal/daily/point","status":422}
{"timestamp":"2025-09-25 12:09:37","level":"warn","message":"NASA API failed, providing mock precipitation data:","service":"nasa-healthy-cities","version":"1.0.0"}








{"timestamp":"2025-09-25 13:10:39","level":"info","message":"NASA API Request: GET https://power.larc.nasa.gov/api/temporal/daily/point","service":"nasa-healthy-cities","version":"1.0.0"}
{"timestamp":"2025-09-25 13:10:40","level":"info","message":"NASA API Request: GET https://power.larc.nasa.gov/api/temporal/daily/point","service":"nasa-healthy-cities","version":"1.0.0"}
{"timestamp":"2025-09-25 13:10:42","level":"error","message":"NASA API Response Error: Request failed with status code 422","service":"nasa-healthy-cities","version":"1.0.0","url":"https://power.larc.nasa.gov/api/temporal/daily/point","status":422}
{"timestamp":"2025-09-25 13:10:42","level":"warn","message":"NASA API failed, providing mock precipitation data:","service":"nasa-healthy-cities","version":"1.0.0"}
{"timestamp":"2025-09-25 13:10:42","level":"error","message":"NASA API Response Error: Request failed with status code 422","service":"nasa-healthy-cities","version":"1.0.0","url":"https://power.larc.nasa.gov/api/temporal/daily/point","status":422}
{"timestamp":"2025-09-25 13:10:42","level":"warn","message":"NASA API failed, providing mock data:","service":"nasa-healthy-cities","version":"1.0.0"}










{"timestamp":"2025-09-26 19:54:26","level":"info","message":"NASA API Request: GET https://power.larc.nasa.gov/api/temporal/daily/point","service":"nasa-healthy-cities","version":"1.0.0"}
{"timestamp":"2025-09-26 19:54:27","level":"info","message":"NASA API Request: GET https://power.larc.nasa.gov/api/temporal/daily/point","service":"nasa-healthy-cities","version":"1.0.0"}
{"timestamp":"2025-09-26 19:54:28","level":"error","message":"NASA API Response Error: Request failed with status code 422","service":"nasa-healthy-cities","version":"1.0.0","url":"https://power.larc.nasa.gov/api/temporal/daily/point","status":422}
{"timestamp":"2025-09-26 19:54:28","level":"warn","message":"NASA API failed, providing mock data:","service":"nasa-healthy-cities","version":"1.0.0"}
{"timestamp":"2025-09-26 19:54:28","level":"error","message":"NASA API Response Error: Request failed with status code 422","service":"nasa-healthy-cities","version":"1.0.0","url":"https://power.larc.nasa.gov/api/temporal/daily/point","status":422}
{"timestamp":"2025-09-26 19:54:28","level":"warn","message":"NASA API failed, providing mock precipitation data:","service":"nasa-healthy-cities","version":"1.0.0"}












{"timestamp":"2025-09-26 21:39:37","level":"info","message":"NASA API Request: GET https://power.larc.nasa.gov/api/temporal/daily/point","service":"nasa-healthy-cities","version":"1.0.0"}
{"timestamp":"2025-09-26 21:39:38","level":"info","message":"NASA API Request: GET https://power.larc.nasa.gov/api/temporal/daily/point","service":"nasa-healthy-cities","version":"1.0.0"}
{"timestamp":"2025-09-26 21:39:39","level":"error","message":"NASA API Response Error: Request failed with status code 422","service":"nasa-healthy-cities","version":"1.0.0","url":"https://power.larc.nasa.gov/api/temporal/daily/point","status":422}
{"timestamp":"2025-09-26 21:39:39","level":"warn","message":"NASA API failed, providing mock data:","service":"nasa-healthy-cities","version":"1.0.0"}
{"timestamp":"2025-09-26 21:39:39","level":"error","message":"NASA API Response Error: Request failed with status code 422","service":"nasa-healthy-cities","version":"1.0.0","url":"https://power.larc.nasa.gov/api/temporal/daily/point","status":422}
{"timestamp":"2025-09-26 21:39:39","level":"warn","message":"NASA API failed, providing mock precipitation data:","service":"nasa-healthy-cities","version":"1.0.0"}

{"timestamp":"2025-09-26 21:41:19","level":"info","message":"NASA API Request: GET https://power.larc.nasa.gov/api/temporal/daily/point","service":"nasa-healthy-cities","version":"1.0.0"}
{"timestamp":"2025-09-26 21:41:20","level":"info","message":"NASA API Request: GET https://power.larc.nasa.gov/api/temporal/daily/point","service":"nasa-healthy-cities","version":"1.0.0"}
{"timestamp":"2025-09-26 21:41:21","level":"error","message":"NASA API Response Error: Request failed with status code 422","service":"nasa-healthy-cities","version":"1.0.0","url":"https://power.larc.nasa.gov/api/temporal/daily/point","status":422}
{"timestamp":"2025-09-26 21:41:21","level":"warn","message":"NASA API failed, providing mock precipitation data:","service":"nasa-healthy-cities","version":"1.0.0"}
{"timestamp":"2025-09-26 21:41:21","level":"error","message":"NASA API Response Error: Request failed with status code 422","service":"nasa-healthy-cities","version":"1.0.0","url":"https://power.larc.nasa.gov/api/temporal/daily/point","status":422}
{"timestamp":"2025-09-26 21:41:21","level":"warn","message":"NASA API failed, providing mock data:","service":"nasa-healthy-cities","version":"1.0.0"}







{"timestamp":"2025-09-26 22:05:20","level":"info","message":"NASA API Request: GET https://power.larc.nasa.gov/api/temporal/daily/point","service":"nasa-healthy-cities","version":"1.0.0"}
{"timestamp":"2025-09-26 22:05:20","level":"info","message":"NASA API Request: GET https://power.larc.nasa.gov/api/temporal/daily/point","service":"nasa-healthy-cities","version":"1.0.0"}
{"timestamp":"2025-09-26 22:05:21","level":"error","message":"NASA API Response Error: Request failed with status code 422","service":"nasa-healthy-cities","version":"1.0.0","url":"https://power.larc.nasa.gov/api/temporal/daily/point","status":422}
{"timestamp":"2025-09-26 22:05:21","level":"warn","message":"NASA API failed, providing mock precipitation data:","service":"nasa-healthy-cities","version":"1.0.0"}
{"timestamp":"2025-09-26 22:05:21","level":"error","message":"NASA API Response Error: Request failed with status code 422","service":"nasa-healthy-cities","version":"1.0.0","url":"https://power.larc.nasa.gov/api/temporal/daily/point","status":422}
{"timestamp":"2025-09-26 22:05:21","level":"warn","message":"NASA API failed, providing mock data:","service":"nasa-healthy-cities","version":"1.0.0"}

























{"timestamp":"2025-09-26 23:47:08","level":"info","message":"NASA API Request: GET https://power.larc.nasa.gov/api/temporal/daily/point","service":"nasa-healthy-cities","version":"1.0.0"}
{"timestamp":"2025-09-26 23:47:08","level":"info","message":"NASA API Request: GET https://power.larc.nasa.gov/api/temporal/daily/point","service":"nasa-healthy-cities","version":"1.0.0"}
{"timestamp":"2025-09-26 23:47:09","level":"error","message":"NASA API Response Error: Request failed with status code 422","service":"nasa-healthy-cities","version":"1.0.0","url":"https://power.larc.nasa.gov/api/temporal/daily/point","status":422}
{"timestamp":"2025-09-26 23:47:09","level":"warn","message":"NASA API failed, providing mock precipitation data:","service":"nasa-healthy-cities","version":"1.0.0"}
{"timestamp":"2025-09-26 23:47:09","level":"error","message":"NASA API Response Error: Request failed with status code 422","service":"nasa-healthy-cities","version":"1.0.0","url":"https://power.larc.nasa.gov/api/temporal/daily/point","status":422}
{"timestamp":"2025-09-26 23:47:09","level":"warn","message":"NASA API failed, providing mock data:","service":"nasa-healthy-cities","version":"1.0.0"}




{"timestamp":"2025-09-27 00:04:13","level":"info","message":"NASA API Request: GET https://power.larc.nasa.gov/api/temporal/daily/point","service":"nasa-healthy-cities","version":"1.0.0"}
{"timestamp":"2025-09-27 00:04:13","level":"info","message":"NASA API Request: GET https://power.larc.nasa.gov/api/temporal/daily/point","service":"nasa-healthy-cities","version":"1.0.0"}
{"timestamp":"2025-09-27 00:04:15","level":"error","message":"NASA API Response Error: Request failed with status code 422","service":"nasa-healthy-cities","version":"1.0.0","url":"https://power.larc.nasa.gov/api/temporal/daily/point","status":422}
{"timestamp":"2025-09-27 00:04:15","level":"warn","message":"NASA API failed, providing mock data:","service":"nasa-healthy-cities","version":"1.0.0"}
{"timestamp":"2025-09-27 00:04:15","level":"error","message":"NASA API Response Error: Request failed with status code 422","service":"nasa-healthy-cities","version":"1.0.0","url":"https://power.larc.nasa.gov/api/temporal/daily/point","status":422}
{"timestamp":"2025-09-27 00:04:15","level":"warn","message":"NASA API failed, providing mock precipitation data:","service":"nasa-healthy-cities","version":"1.0.0"}



